<?xml version="1.0" encoding="UTF-8"?>
<!-- Generated by org.testng.reporters.JUnitXMLReporter -->
<testsuite ignored="0" hostname="ELLIOTT" failures="0" tests="7" name="Test" time="250.448" errors="0" timestamp="2024-05-02T15:57:24 IST">
  <testcase classname="genricUtility.BaseClass" name="@BeforeMethod login" time="0.048">
    <failure type="java.lang.Error" message="Unresolved compilation problem: 
	Syntax error on token &amp;quot;}&amp;quot;, delete this token
">
      <![CDATA[java.lang.Error: Unresolved compilation problem: 
Syntax error on token "}", delete this token

at ObjectRepositry.HomePage.<init>(HomePage.java:48)
at genricUtility.BaseClass.login(BaseClass.java:45)
at java.base/java.util.ArrayList.forEach(ArrayList.java:1511)
... Removed 31 stack frames]]>
    </failure>
  </testcase> <!-- @BeforeMethod login -->
  <testcase classname="genricUtility.BaseClass" name="@AfterMethod am" time="0.0">
    <skipped/>
  </testcase> <!-- @AfterMethod am -->
  <testcase classname="genricUtility.BaseClass" name="@BeforeMethod login" time="0.0">
    <skipped/>
  </testcase> <!-- @BeforeMethod login -->
  <testcase classname="genricUtility.BaseClass" name="@AfterMethod am" time="0.0">
    <skipped/>
  </testcase> <!-- @AfterMethod am -->
  <testcase classname="genricUtility.BaseClass" name="@AfterClass ac" time="0.0">
    <skipped/>
  </testcase> <!-- @AfterClass ac -->
  <testcase classname="testScript.RegisterTest" name="Test_001" time="0.0">
    <skipped/>
  </testcase> <!-- Test_001 -->
  <testcase classname="testScript.RegisterTest" name="Test_002" time="0.0">
    <skipped/>
  </testcase> <!-- Test_002 -->
  <testcase classname="testScript.ElectronicsTest" name="register" time="62.996"/>
  <testcase classname="testScript.ElectronicsTest" name="login" time="21.594"/>
  <testcase classname="testScript.ElectronicsTest" name="addtocart" time="10.6"/>
  <testcase classname="testScript.ElectronicsTest" name="Payment" time="36.785"/>
  <testcase classname="testScript.ElectronicsTest" name="ConfirmOrder" time="31.833"/>
</testsuite> <!-- Test -->
