<?xml version="1.0" encoding="UTF-8"?>
<testng-results ignored="0" total="1" passed="1" failed="0" skipped="0">
  <reporter-output>
  </reporter-output>
  <suite started-at="2024-05-04T12:41:00 IST" name="Default suite" finished-at="2024-05-04T12:42:24 IST" duration-ms="83093">
    <groups>
    </groups>
    <test started-at="2024-05-04T12:41:00 IST" name="Default test" finished-at="2024-05-04T12:42:24 IST" duration-ms="83093">
      <class name="testScript.JewelryTest">
        <test-method is-config="true" signature="Bs()[pri:0, instance:testScript.JewelryTest@76a4ebf2]" started-at="2024-05-04T12:41:00 IST" name="Bs" finished-at="2024-05-04T12:41:00 IST" duration-ms="38" status="PASS">
          <reporter-output>
          </reporter-output>
        </test-method> <!-- Bs -->
        <test-method is-config="true" signature="Bt()[pri:0, instance:testScript.JewelryTest@76a4ebf2]" started-at="2024-05-04T12:41:00 IST" name="Bt" finished-at="2024-05-04T12:41:00 IST" duration-ms="2" status="PASS">
          <reporter-output>
          </reporter-output>
        </test-method> <!-- Bt -->
        <test-method is-config="true" signature="LaunchBrowser()[pri:0, instance:testScript.JewelryTest@76a4ebf2]" started-at="2024-05-04T12:41:01 IST" name="LaunchBrowser" finished-at="2024-05-04T12:42:01 IST" duration-ms="60433" status="PASS">
          <reporter-output>
          </reporter-output>
        </test-method> <!-- LaunchBrowser -->
        <test-method is-config="true" signature="login()[pri:0, instance:testScript.JewelryTest@76a4ebf2]" started-at="2024-05-04T12:42:01 IST" name="login" finished-at="2024-05-04T12:42:12 IST" duration-ms="10943" status="PASS">
          <reporter-output>
          </reporter-output>
        </test-method> <!-- login -->
        <test-method signature="jewelry_001()[pri:0, instance:testScript.JewelryTest@76a4ebf2]" started-at="2024-05-04T12:42:12 IST" name="jewelry_001" finished-at="2024-05-04T12:42:18 IST" duration-ms="5516" status="PASS">
          <reporter-output>
          </reporter-output>
        </test-method> <!-- jewelry_001 -->
        <test-method is-config="true" signature="am()[pri:0, instance:testScript.JewelryTest@76a4ebf2]" started-at="2024-05-04T12:42:18 IST" name="am" finished-at="2024-05-04T12:42:20 IST" duration-ms="2741" status="PASS">
          <reporter-output>
          </reporter-output>
        </test-method> <!-- am -->
        <test-method is-config="true" signature="ac()[pri:0, instance:testScript.JewelryTest@76a4ebf2]" started-at="2024-05-04T12:42:20 IST" name="ac" finished-at="2024-05-04T12:42:24 IST" duration-ms="3099" status="PASS">
          <reporter-output>
          </reporter-output>
        </test-method> <!-- ac -->
        <test-method is-config="true" signature="at()[pri:0, instance:testScript.JewelryTest@76a4ebf2]" started-at="2024-05-04T12:42:24 IST" name="at" finished-at="2024-05-04T12:42:24 IST" duration-ms="1" status="PASS">
          <reporter-output>
          </reporter-output>
        </test-method> <!-- at -->
        <test-method is-config="true" signature="as()[pri:0, instance:testScript.JewelryTest@76a4ebf2]" started-at="2024-05-04T12:42:24 IST" name="as" finished-at="2024-05-04T12:42:24 IST" duration-ms="1" status="PASS">
          <reporter-output>
          </reporter-output>
        </test-method> <!-- as -->
      </class> <!-- testScript.JewelryTest -->
    </test> <!-- Default test -->
  </suite> <!-- Default suite -->
</testng-results>
